[debug] [2024-09-12T21:53:33.591Z] ----------------------------------------------------------------------
[debug] [2024-09-12T21:53:33.598Z] Command:       C:\Program Files\nodejs\node.exe C:\Users\pc\AppData\Roaming\npm\node_modules\firebase-tools\lib\bin\firebase.js init
[debug] [2024-09-12T21:53:33.600Z] CLI Version:   13.17.0
[debug] [2024-09-12T21:53:33.600Z] Platform:      win32
[debug] [2024-09-12T21:53:33.600Z] Node Version:  v20.17.0
[debug] [2024-09-12T21:53:33.601Z] Time:          Thu Sep 12 2024 16:53:33 GMT-0500 (hora estándar de Colombia)
[debug] [2024-09-12T21:53:33.601Z] ----------------------------------------------------------------------
[debug] 
[debug] [2024-09-12T21:53:33.616Z] > command requires scopes: ["email","openid","https://www.googleapis.com/auth/cloudplatformprojects.readonly","https://www.googleapis.com/auth/firebase","https://www.googleapis.com/auth/cloud-platform"]
[debug] [2024-09-12T21:53:33.617Z] > authorizing via signed-in user (jansethdaza69@gmail.com)
[info] 
     ######## #### ########  ######## ########     ###     ######  ########
     ##        ##  ##     ## ##       ##     ##  ##   ##  ##       ##
     ######    ##  ########  ######   ########  #########  ######  ######
     ##        ##  ##    ##  ##       ##     ## ##     ##       ## ##
     ##       #### ##     ## ######## ########  ##     ##  ######  ########

You're about to initialize a Firebase project in this directory:

  C:\Users\pc\Desktop\Plan B\planB\Login-y-registro-con-html-css-js-main

[info] 
=== Project Setup
[info] 
[info] First, let's associate this project directory with a Firebase project.
[info] You can create multiple project aliases by running firebase use --add, 
[info] but for now we'll just set up a default project.
[info] 
[debug] [2024-09-12T21:57:11.265Z] >>> [apiv2][query] GET https://firebase.googleapis.com/v1beta1/projects pageSize=100
[debug] [2024-09-12T21:57:12.662Z] <<< [apiv2][status] GET https://firebase.googleapis.com/v1beta1/projects 200
[debug] [2024-09-12T21:57:12.663Z] <<< [apiv2][body] GET https://firebase.googleapis.com/v1beta1/projects [omitted]
[info] i  Using project plan-b-a0a35 (plan B) 
[info] 
=== Database Setup
[info] i  database: ensuring required API firebasedatabase.googleapis.com is enabled... 
[debug] [2024-09-12T21:57:18.543Z] >>> [apiv2][query] GET https://serviceusage.googleapis.com/v1/projects/plan-b-a0a35/services/firebasedatabase.googleapis.com [none]
[debug] [2024-09-12T21:57:18.544Z] >>> [apiv2][(partial)header] GET https://serviceusage.googleapis.com/v1/projects/plan-b-a0a35/services/firebasedatabase.googleapis.com x-goog-quota-user=projects/plan-b-a0a35
[debug] [2024-09-12T21:57:19.482Z] <<< [apiv2][status] GET https://serviceusage.googleapis.com/v1/projects/plan-b-a0a35/services/firebasedatabase.googleapis.com 200
[debug] [2024-09-12T21:57:19.483Z] <<< [apiv2][body] GET https://serviceusage.googleapis.com/v1/projects/plan-b-a0a35/services/firebasedatabase.googleapis.com [omitted]
[warn] !  database: missing required API firebasedatabase.googleapis.com. Enabling now... 
[debug] [2024-09-12T21:57:19.488Z] >>> [apiv2][query] POST https://serviceusage.googleapis.com/v1/projects/plan-b-a0a35/services/firebasedatabase.googleapis.com:enable [none]
[debug] [2024-09-12T21:57:19.488Z] >>> [apiv2][(partial)header] POST https://serviceusage.googleapis.com/v1/projects/plan-b-a0a35/services/firebasedatabase.googleapis.com:enable x-goog-quota-user=projects/plan-b-a0a35
[debug] [2024-09-12T21:57:20.085Z] <<< [apiv2][status] POST https://serviceusage.googleapis.com/v1/projects/plan-b-a0a35/services/firebasedatabase.googleapis.com:enable 200
[debug] [2024-09-12T21:57:20.086Z] <<< [apiv2][body] POST https://serviceusage.googleapis.com/v1/projects/plan-b-a0a35/services/firebasedatabase.googleapis.com:enable [omitted]
[debug] [2024-09-12T21:57:30.101Z] >>> [apiv2][query] GET https://serviceusage.googleapis.com/v1/projects/plan-b-a0a35/services/firebasedatabase.googleapis.com [none]
[debug] [2024-09-12T21:57:30.102Z] >>> [apiv2][(partial)header] GET https://serviceusage.googleapis.com/v1/projects/plan-b-a0a35/services/firebasedatabase.googleapis.com x-goog-quota-user=projects/plan-b-a0a35
[debug] [2024-09-12T21:57:31.163Z] <<< [apiv2][status] GET https://serviceusage.googleapis.com/v1/projects/plan-b-a0a35/services/firebasedatabase.googleapis.com 200
[debug] [2024-09-12T21:57:31.164Z] <<< [apiv2][body] GET https://serviceusage.googleapis.com/v1/projects/plan-b-a0a35/services/firebasedatabase.googleapis.com [omitted]
[info] +  database: required API firebasedatabase.googleapis.com is enabled 
[info] 
[debug] [2024-09-12T21:57:31.214Z] >>> [apiv2][query] GET https://firebase.googleapis.com/v1beta1/projects/plan-b-a0a35 [none]
[debug] [2024-09-12T21:57:31.635Z] <<< [apiv2][status] GET https://firebase.googleapis.com/v1beta1/projects/plan-b-a0a35 200
[debug] [2024-09-12T21:57:31.636Z] <<< [apiv2][body] GET https://firebase.googleapis.com/v1beta1/projects/plan-b-a0a35 {"projectId":"plan-b-a0a35","projectNumber":"119819490517","displayName":"plan B","name":"projects/plan-b-a0a35","resources":{"hostingSite":"plan-b-a0a35","storageBucket":"plan-b-a0a35.appspot.com","locationId":"southamerica-east1"},"state":"ACTIVE","etag":"1_96fe85d1-7178-4fc0-9de6-cd6218e5e0a2"}
[debug] [2024-09-12T21:58:59.067Z] >>> [apiv2][query] POST https://firebasedatabase.googleapis.com/v1beta/projects/plan-b-a0a35/locations/us-central1/instances databaseId=plan-b-a0a35-default-rtdb&validateOnly=true
[debug] [2024-09-12T21:58:59.067Z] >>> [apiv2][body] POST https://firebasedatabase.googleapis.com/v1beta/projects/plan-b-a0a35/locations/us-central1/instances {"type":"default_database"}
[debug] [2024-09-12T21:59:00.162Z] <<< [apiv2][status] POST https://firebasedatabase.googleapis.com/v1beta/projects/plan-b-a0a35/locations/us-central1/instances 200
[debug] [2024-09-12T21:59:00.162Z] <<< [apiv2][body] POST https://firebasedatabase.googleapis.com/v1beta/projects/plan-b-a0a35/locations/us-central1/instances {"name":"projects/119819490517/locations/us-central1/instances/plan-b-a0a35-default-rtdb","project":"projects/119819490517","databaseUrl":"https://plan-b-a0a35-default-rtdb.firebaseio.com","type":"DEFAULT_DATABASE","state":"ACTIVE"}
[debug] [2024-09-12T21:59:00.165Z] >>> [apiv2][query] POST https://firebasedatabase.googleapis.com/v1beta/projects/plan-b-a0a35/locations/us-central1/instances databaseId=plan-b-a0a35-default-rtdb
[debug] [2024-09-12T21:59:00.165Z] >>> [apiv2][body] POST https://firebasedatabase.googleapis.com/v1beta/projects/plan-b-a0a35/locations/us-central1/instances {"type":"default_database"}
[debug] [2024-09-12T21:59:00.546Z] <<< [apiv2][status] POST https://firebasedatabase.googleapis.com/v1beta/projects/plan-b-a0a35/locations/us-central1/instances 200
[debug] [2024-09-12T21:59:00.546Z] <<< [apiv2][body] POST https://firebasedatabase.googleapis.com/v1beta/projects/plan-b-a0a35/locations/us-central1/instances {"name":"projects/119819490517/locations/us-central1/instances/plan-b-a0a35-default-rtdb","project":"projects/119819490517","databaseUrl":"https://plan-b-a0a35-default-rtdb.firebaseio.com","type":"DEFAULT_DATABASE","state":"ACTIVE"}
[info] 
[info] Firebase Realtime Database Security Rules allow you to define how your data should be
[info] structured and when your data can be read from and written to.
[info] 
[debug] [2024-09-12T21:59:13.234Z] >>> [apiv2][query] GET https://plan-b-a0a35-default-rtdb.firebaseio.com/.settings/rules.json [none]
[debug] [2024-09-12T21:59:13.953Z] <<< [apiv2][status] GET https://plan-b-a0a35-default-rtdb.firebaseio.com/.settings/rules.json 200
[debug] [2024-09-12T21:59:13.955Z] <<< [apiv2][body] GET https://plan-b-a0a35-default-rtdb.firebaseio.com/.settings/rules.json [stream]
[info] +  Database Rules for plan-b-a0a35-default-rtdb have been written to database.rules.json. 
[info] Future modifications to database.rules.json will update Realtime Database Security Rules when you run
[info] firebase deploy.
[info] 
=== Hosting Setup
[debug] [2024-09-12T21:59:13.999Z] >>> [apiv2][query] GET https://firebase.googleapis.com/v1beta1/projects/plan-b-a0a35 [none]
[debug] [2024-09-12T21:59:14.351Z] <<< [apiv2][status] GET https://firebase.googleapis.com/v1beta1/projects/plan-b-a0a35 200
[debug] [2024-09-12T21:59:14.351Z] <<< [apiv2][body] GET https://firebase.googleapis.com/v1beta1/projects/plan-b-a0a35 {"projectId":"plan-b-a0a35","projectNumber":"119819490517","displayName":"plan B","name":"projects/plan-b-a0a35","resources":{"hostingSite":"plan-b-a0a35","realtimeDatabaseInstance":"plan-b-a0a35-default-rtdb","storageBucket":"plan-b-a0a35.appspot.com","locationId":"southamerica-east1"},"state":"ACTIVE","etag":"1_96fe85d1-7178-4fc0-9de6-cd6218e5e0a2"}
[info] 
[info] Your public directory is the folder (relative to your project directory) that
[info] will contain Hosting assets to be uploaded with firebase deploy. If you
[info] have a build process for your assets, use your build's output directory.
[info] 
[debug] [2024-09-12T21:59:53.718Z] >>> [apiv2][query] GET https://www.gstatic.com/firebasejs/releases.json [none]
[debug] [2024-09-12T21:59:54.009Z] <<< [apiv2][status] GET https://www.gstatic.com/firebasejs/releases.json 200
[debug] [2024-09-12T21:59:54.010Z] <<< [apiv2][body] GET https://www.gstatic.com/firebasejs/releases.json {"current":{"version":"10.13.1","browserURL":"https://www.gstatic.com/firebasejs/10.13.1/firebase.js","packageURL":"https://www.gstatic.com/firebasejs/10.13.1/firebase.tgz"},"live":{"version":"10.13","browserURL":"https://www.gstatic.com/firebasejs/live/10.13/firebase.js","packageURL":"https://www.gstatic.com/firebasejs/live/10.13/firebase.tgz"},"components":{"analytics":"https://www.gstatic.com/firebasejs/10.13.1/firebase-analytics.js","app":"https://www.gstatic.com/firebasejs/10.13.1/firebase-app.js","app-check":"https://www.gstatic.com/firebasejs/10.13.1/firebase-app-check.js","auth":"https://www.gstatic.com/firebasejs/10.13.1/firebase-auth.js","auth/cordova":"https://www.gstatic.com/firebasejs/10.13.1/firebase-auth/cordova.js","auth/web-extension":"https://www.gstatic.com/firebasejs/10.13.1/firebase-auth/web-extension.js","functions":"https://www.gstatic.com/firebasejs/10.13.1/firebase-functions.js","firestore":"https://www.gstatic.com/firebasejs/10.13.1/firebase-firestore.js","firestore/lite":"https://www.gstatic.com/firebasejs/10.13.1/firebase-firestore/lite.js","installations":"https://www.gstatic.com/firebasejs/10.13.1/firebase-installations.js","storage":"https://www.gstatic.com/firebasejs/10.13.1/firebase-storage.js","performance":"https://www.gstatic.com/firebasejs/10.13.1/firebase-performance.js","remote-config":"https://www.gstatic.com/firebasejs/10.13.1/firebase-remote-config.js","messaging":"https://www.gstatic.com/firebasejs/10.13.1/firebase-messaging.js","messaging/sw":"https://www.gstatic.com/firebasejs/10.13.1/firebase-messaging/sw.js","database":"https://www.gstatic.com/firebasejs/10.13.1/firebase-database.js","vertexai-preview":"https://www.gstatic.com/firebasejs/10.13.1/firebase-vertexai-preview.js","firestore.memory":"https://www.gstatic.com/firebasejs/10.13.1/firebase-firestore.memory.js"}}
[info] +  Wrote public/index.html 
[info] 
[info] i  Didn't detect a .git folder. Assuming C:\Users\pc\Desktop\Plan B\planB\Login-y-registro-con-html-css-js-main is the project root. 
[info] i  Authorizing with GitHub to upload your service account to a GitHub repository's secrets store. 
[info] 
[info] Visit this URL on this device to log in:
[info] https://github.com/login/oauth/authorize?client_id=89cf50f02ac6aaed3484&state=979965446&redirect_uri=http%3A%2F%2Flocalhost%3A9005&scope=read%3Auser%20repo%20public_repo
[info] 
[info] Waiting for authentication...
[debug] [2024-09-12T22:00:15.721Z] >>> [apiv2][query] POST https://github.com/login/oauth/access_token [none]
[debug] [2024-09-12T22:00:15.722Z] >>> [apiv2][body] POST https://github.com/login/oauth/access_token [stream]
[debug] [2024-09-12T22:00:16.257Z] <<< [apiv2][status] POST https://github.com/login/oauth/access_token 200
[debug] [2024-09-12T22:00:16.257Z] <<< [apiv2][body] POST https://github.com/login/oauth/access_token {"access_token":"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","token_type":"bearer","scope":"read:user,repo"}
[debug] [2024-09-12T22:00:16.270Z] >>> [apiv2][query] GET https://api.github.com/user [none]
[debug] [2024-09-12T22:00:16.669Z] <<< [apiv2][status] GET https://api.github.com/user 200
[debug] [2024-09-12T22:00:16.670Z] <<< [apiv2][body] GET https://api.github.com/user {"login":"assistantvRt","id":181308817,"node_id":"U_kgDOCs6NkQ","avatar_url":"https://avatars.githubusercontent.com/u/181308817?v=4","gravatar_id":"","url":"https://api.github.com/users/assistantvRt","html_url":"https://github.com/assistantvRt","followers_url":"https://api.github.com/users/assistantvRt/followers","following_url":"https://api.github.com/users/assistantvRt/following{/other_user}","gists_url":"https://api.github.com/users/assistantvRt/gists{/gist_id}","starred_url":"https://api.github.com/users/assistantvRt/starred{/owner}{/repo}","subscriptions_url":"https://api.github.com/users/assistantvRt/subscriptions","organizations_url":"https://api.github.com/users/assistantvRt/orgs","repos_url":"https://api.github.com/users/assistantvRt/repos","events_url":"https://api.github.com/users/assistantvRt/events{/privacy}","received_events_url":"https://api.github.com/users/assistantvRt/received_events","type":"User","site_admin":false,"name":null,"company":null,"blog":"","location":null,"email":null,"hireable":null,"bio":null,"twitter_username":null,"notification_email":null,"public_repos":2,"public_gists":0,"followers":0,"following":0,"created_at":"2024-09-12T03:49:13Z","updated_at":"2024-09-12T03:49:18Z","private_gists":0,"total_private_repos":0,"owned_private_repos":0,"disk_usage":11,"collaborators":0,"two_factor_authentication":false,"plan":{"name":"free","space":976562499,"collaborators":0,"private_repos":10000}}
[info] 
[info] +  Success! Logged into GitHub as assistantvRt 
[info] 
[debug] [2024-09-12T22:12:59.316Z] >>> [apiv2][query] GET https://api.github.com/repos/assistantvRt/actions/secrets/public-key type=owner
[debug] [2024-09-12T22:13:00.032Z] <<< [apiv2][status] GET https://api.github.com/repos/assistantvRt/actions/secrets/public-key 404
[debug] [2024-09-12T22:13:00.033Z] <<< [apiv2][body] GET https://api.github.com/repos/assistantvRt/actions/secrets/public-key {"message":"Not Found","documentation_url":"https://docs.github.com/rest","status":"404"}
[info] 
[info] 
[error] !  The provided authorization cannot be used with this repository. If this repository is in an organization, did you remember to grant access? 
[info] 
[info] i  Action required: Visit this URL to ensure access has been granted to the appropriate organization(s) for the Firebase CLI GitHub OAuth App: 
[info] https://github.com/settings/connections/applications/89cf50f02ac6aaed3484
[info] 
